25-Nov-2021-08:20:30,458 [SelectFrance.StepsDefination.SelectFranceSteps] [INFO] [GivenIHaveNavigatedToTheSLSWebsite] - Searching for Browser Type in App Config
25-Nov-2021-08:20:30,616 [SelectFrance.BrowsersConfigs.BrowserConfigs] [INFO] [Init] - Checking for the available browsers in the configuration file........Chrome...OK
25-Nov-2021-08:20:33,495 [SelectFrance.BrowsersConfigs.BrowserConfigs] [INFO] [Init] - Maximizing the browser instance
25-Nov-2021-08:20:33,745 [SelectFrance.BrowsersConfigs.BrowserConfigs] [INFO] [Goto] - Redirecting to the url...https://slsdev.3m.com/
25-Nov-2021-08:20:39,674 [SelectFrance.Bindings.StepsHooks] [INFO] [FetchTestResult] - No error occured.
25-Nov-2021-08:20:39,681 [SelectFrance.StepsDefination.SelectFranceSteps] [INFO] [WhenISelectTheProvidedAndClickOnTheNextButton] - Selected region as France
25-Nov-2021-08:20:43,769 [SelectFrance.Helpers.ExplicitWaits] [INFO] [WaitForAnElement] - Waiting for element //button[@class='btn btn_primary']
25-Nov-2021-08:20:43,820 [SelectFrance.StepsDefination.SelectFranceSteps] [INFO] [WhenISelectTheProvidedAndClickOnTheNextButton] - Clicking on next button after selecting the region
25-Nov-2021-08:20:44,048 [SelectFrance.Bindings.StepsHooks] [INFO] [FetchTestResult] - No error occured.
25-Nov-2021-08:20:44,050 [SelectFrance.Helpers.ExplicitWaits] [INFO] [WaitForAnElement] - Waiting for element //input[@id='cartridgeAndFilterType']
25-Nov-2021-08:20:45,535 [SelectFrance.StepsDefination.SelectFranceSteps] [INFO] [ThenISelectCartidgeFilterCheckBoxAndProceedFurtherTillDataValidation] - Selecting Cartidge/Filter Section
25-Nov-2021-08:20:45,880 [SelectFrance.StepsDefination.SelectFranceSteps] [INFO] [ThenISelectCartidgeFilterCheckBoxAndProceedFurtherTillDataValidation] - Clicking on IAccept button after selecting Cartidge/Filter Section
25-Nov-2021-08:20:45,881 [SelectFrance.Helpers.ExplicitWaits] [INFO] [WaitForAnElement] - Waiting for element //button[contains(text(),'Non')]
25-Nov-2021-08:20:47,224 [SelectFrance.StepsDefination.SelectFranceSteps] [INFO] [ThenISelectCartidgeFilterCheckBoxAndProceedFurtherTillDataValidation] - Is there a potential for oxygen deficiency, unknown environments, or contaminant concentrations that are immediately dangerous to life or health?
25-Nov-2021-08:20:47,225 [SelectFrance.Bindings.StepsHooks] [INFO] [FetchTestResult] - No error occured.
25-Nov-2021-08:20:47,238 [SelectFrance.Helpers.ExplicitWaits] [INFO] [WaitForAnElement] - Waiting for element //input[@id='search']
25-Nov-2021-08:20:47,278 [SelectFrance.StepsDefination.SelectFranceSteps] [INFO] [ThenIHaveAndToFilterTheProductAndIFilterTheProduct] - Entering the value of CAS as 100-42-5 in the Search field to filter the contaminants
25-Nov-2021-08:20:47,508 [SelectFrance.Bindings.StepsHooks] [INFO] [FetchTestResult] - No error occured.
25-Nov-2021-08:20:47,510 [SelectFrance.Helpers.ExplicitWaits] [INFO] [WaitForAnElement] - Waiting for element //label[@class='inputBox-label']
25-Nov-2021-08:20:50,416 [SelectFrance.StepsDefination.SelectFranceSteps] [INFO] [ThenISelectTheFilteredProductsUsingTheCasOrTheContaminantsValue] - Selecting the filtered contaminant
25-Nov-2021-08:20:50,576 [SelectFrance.Bindings.StepsHooks] [INFO] [FetchTestResult] - No error occured.
25-Nov-2021-08:20:50,578 [SelectFrance.StepsDefination.SelectFranceSteps] [INFO] [ThenClickOnTheNextButton] - Clicking on next button.
25-Nov-2021-08:20:50,674 [SelectFrance.Bindings.StepsHooks] [INFO] [FetchTestResult] - No error occured.
25-Nov-2021-08:20:50,678 [SelectFrance.Helpers.ExplicitWaits] [INFO] [WaitForAnElement] - Waiting for element //div[@class='radioGroup-caption']
25-Nov-2021-08:20:54,625 [SelectFrance.Helpers.ExplicitWaits] [INFO] [WaitForAnElement] - Waiting for element (//label[@class='radioGroup-item-label' and text()='Non'])[1]
25-Nov-2021-08:20:54,903 [SelectFrance.Helpers.SupportingFunctions] [INFO] [SelectRespiratorType] - Setting the value of Respirator as Reusable
25-Nov-2021-08:20:54,905 [SelectFrance.Helpers.SupportingFunctions] [INFO] [FilterClass] - Value of Filter Class is Null.......Skipping Filter Class field
25-Nov-2021-08:20:54,907 [SelectFrance.Helpers.SupportingFunctions] [INFO] [CartidgeType] - Value of Cartidge Type is Null.......Skipping Cartidge Type field
25-Nov-2021-08:20:54,909 [SelectFrance.Helpers.SupportingFunctions] [INFO] [ClickDone] - Clicking on Done button after validating the Contaminants
25-Nov-2021-08:20:54,909 [SelectFrance.Helpers.ExplicitWaits] [INFO] [WaitForAnElement] - Waiting for element //button[contains(text(),'Terminé')]
25-Nov-2021-08:20:56,036 [SelectFrance.Bindings.StepsHooks] [INFO] [FetchTestResult] - No error occured.
25-Nov-2021-08:20:56,064 [SelectFrance.Bindings.StepsHooks] [ERROR] [FetchTestResult] - Elements number mismatched... Expecting total number to be 15 but was 20
25-Nov-2021-08:20:56,065 [SelectFrance.Bindings.StepsHooks] [INFO] [FetchTestResult] - Exception occured.......Taking screenshots
25-Nov-2021-08:21:00,763 [SelectFrance.Bindings.StepsHooks] [INFO] [WriteStatus] - Exception occured Status= FAIL Exception is Elements number mismatched... Expecting total number to be 15 but was 20.......Dumping result to the Result Excel File
25-Nov-2021-08:21:00,794 [SelectFrance.Bindings.StepsHooks] [INFO] [TearDown] - Closing the Browser Instance........
25-Nov-2021-08:21:04,863 [SelectFrance.BrowsersConfigs.BrowserConfigs] [INFO] [QuitBrowsersInstance] - Successfully closed the browser instance....
25-Nov-2021-08:21:05,053 [SelectFrance.Bindings.StepsHooks] [INFO] [TearDown] - Killing chromedriver process........
25-Nov-2021-08:21:05,054 [SelectFrance.Bindings.StepsHooks] [INFO] [TearDown] - Successfully sent the Test Result File in email........
25-Nov-2021-08:21:05,055 [SelectFrance.Bindings.StepsHooks] [INFO] [TearDown] - Successfully sent the Log File in email........
